d:\github\lastpeps\debug\wrapper.bsc
d:\github\lastpeps\wrapper\debug\wrapper.pch
d:\github\lastpeps\wrapper\debug\vc120.pdb
d:\github\lastpeps\wrapper\debug\stdafx.sbr
d:\github\lastpeps\wrapper\debug\stdafx.obj
d:\github\lastpeps\wrapper\debug\assemblyinfo.sbr
d:\github\lastpeps\wrapper\debug\wrapper.sbr
d:\github\lastpeps\wrapper\debug\wrapper.obj
d:\github\lastpeps\wrapper\debug\assemblyinfo.obj
d:\github\lastpeps\wrapper\debug\.netframework,version=v4.5.assemblyattributes.sbr
d:\github\lastpeps\wrapper\debug\.netframework,version=v4.5.assemblyattributes.obj
d:\github\lastpeps\debug\wrapper.dll
d:\github\lastpeps\debug\wrapper.pdb
d:\github\lastpeps\wrapper\debug\app.res
d:\github\lastpeps\wrapper\debug\wrapper.vcxprojresolveassemblyreference.cache
d:\github\lastpeps\wrapper\debug\wrapper.tlog\bscmake.command.1.tlog
d:\github\lastpeps\wrapper\debug\wrapper.tlog\bscmake.read.1.tlog
d:\github\lastpeps\wrapper\debug\wrapper.tlog\bscmake.write.1.tlog
d:\github\lastpeps\wrapper\debug\wrapper.tlog\cl.command.1.tlog
d:\github\lastpeps\wrapper\debug\wrapper.tlog\cl.read.1.tlog
d:\github\lastpeps\wrapper\debug\wrapper.tlog\cl.write.1.tlog
d:\github\lastpeps\wrapper\debug\wrapper.tlog\link.command.1.tlog
d:\github\lastpeps\wrapper\debug\wrapper.tlog\link.read.1.tlog
d:\github\lastpeps\wrapper\debug\wrapper.tlog\link.write.1.tlog
d:\github\lastpeps\wrapper\debug\wrapper.tlog\metagen.read.1.tlog
d:\github\lastpeps\wrapper\debug\wrapper.tlog\metagen.write.1.tlog
d:\github\lastpeps\wrapper\debug\wrapper.tlog\rc.command.1.tlog
d:\github\lastpeps\wrapper\debug\wrapper.tlog\rc.read.1.tlog
d:\github\lastpeps\wrapper\debug\wrapper.tlog\rc.write.1.tlog
d:\github\lastpeps\wrapper\debug\wrapper.tlog\rsaenh.dll.bi
d:\github\lastpeps\wrapper\debug\wrapper.tlog\tzres.dll.bi
